2026-05-04 19:18:50 - root - INFO - Создаю новый пул соединений...
2026-05-04 19:18:50 - root - INFO - Получаю информацию о городах из prod.dbo.cities
2026-05-04 19:18:50 - root - INFO - Закрываю все соединения в пуле...
2026-05-04 19:18:50 - root - INFO - Скачиваю данные погоды...
2026-05-04 19:18:50 - root - INFO - Создаю новый пул соединений...
2026-05-04 19:18:50 - root - INFO - Запрашиваю метаданные для raw.weather_series
2026-05-04 19:18:51 - root - INFO - Выполняю TRUNCATE для raw.weather_series
2026-05-04 19:18:51 - root - INFO - Запрашиваю метаданные для raw.weather_series
2026-05-04 19:18:51 - root - INFO - Загружаю в raw.weather_series данные из DataFrame
2026-05-04 19:18:51 - root - INFO - Закрываю все соединения в пуле...
2026-05-04 19:18:51 - root - INFO - Создаю новый пул соединений...
2026-05-04 19:18:51 - root - INFO - Запрашиваю метаданные для stg.weather_series
2026-05-04 19:18:51 - root - INFO - Выполняю TRUNCATE для stg.weather_series
2026-05-04 19:18:51 - root - INFO - Запрашиваю метаданные для stg.weather_series
2026-05-04 19:18:51 - root - INFO - Запрашиваю метаданные для raw.weather_series
2026-05-04 19:18:51 - root - INFO - INSERT в stg.weather_series из raw.weather_series
2026-05-04 19:18:52 - root - INFO - Запрашиваю метаданные для dm.weather_series
2026-05-04 19:18:52 - root - INFO - Запрашиваю метаданные для stg.weather_series
2026-05-04 19:18:52 - root - INFO - MERGE в dm.weather_series из stg.weather_series
2026-05-04 19:18:52 - root - INFO - Закрываю все соединения в пуле...
2026-05-04 19:18:52 - root - INFO - Создаю новый пул соединений...
2026-05-04 19:18:52 - root - INFO - Запрашиваю метаданные для stg.orders_n_weather
2026-05-04 19:18:52 - root - INFO - Выполняю TRUNCATE для stg.orders_n_weather
2026-05-04 19:18:52 - root - WARNING - Запуск кастомного скрипта scripts/orders_n_weather_delta.sql с параметрами {'start_date': '2026-05-01', 'end_date': '2026-05-04'}
2026-05-04 19:18:54 - root - INFO - Запрашиваю метаданные для dm.orders_n_weather
2026-05-04 19:18:55 - root - INFO - Запрашиваю метаданные для stg.orders_n_weather
2026-05-04 19:18:55 - root - INFO - MERGE в dm.orders_n_weather из stg.orders_n_weather
2026-05-04 19:18:57 - root - INFO - Закрываю все соединения в пуле...
